2023-05-20T10:19:40: PM2 log: ===============================================================================
2023-05-20T10:19:40: PM2 log: --- New PM2 Daemon started ----------------------------------------------------
2023-05-20T10:19:40: PM2 log: Time                 : Sat May 20 2023 10:19:40 GMT+0000 (Coordinated Universal Time)
2023-05-20T10:19:40: PM2 log: PM2 version          : 5.3.0
2023-05-20T10:19:40: PM2 log: Node.js version      : 12.22.9
2023-05-20T10:19:40: PM2 log: Current arch         : x64
2023-05-20T10:19:40: PM2 log: PM2 home             : /root/.pm2
2023-05-20T10:19:40: PM2 log: PM2 PID file         : /root/.pm2/pm2.pid
2023-05-20T10:19:40: PM2 log: RPC socket file      : /root/.pm2/rpc.sock
2023-05-20T10:19:40: PM2 log: BUS socket file      : /root/.pm2/pub.sock
2023-05-20T10:19:40: PM2 log: Application log path : /root/.pm2/logs
2023-05-20T10:19:40: PM2 log: Worker Interval      : 30000
2023-05-20T10:19:40: PM2 log: Process dump file    : /root/.pm2/dump.pm2
2023-05-20T10:19:40: PM2 log: Concurrent actions   : 2
2023-05-20T10:19:40: PM2 log: SIGTERM timeout      : 1600
2023-05-20T10:19:40: PM2 log: ===============================================================================
2023-05-20T10:19:40: PM2 log: App [index:0] starting in -fork mode-
2023-05-20T10:19:40: PM2 log: App [index:0] online
2023-05-20T10:29:09: PM2 log: App [index:1] starting in -fork mode-
2023-05-20T10:29:09: PM2 log: App [index:1] online
2023-05-20T10:29:30: PM2 log: Stopping app:index id:0
2023-05-20T10:29:30: PM2 log: App [index:0] exited with code [0] via signal [SIGINT]
2023-05-20T10:29:30: PM2 log: pid=26557 msg=process killed
2023-05-20T10:29:30: PM2 log: Stopping app:index id:1
2023-05-20T10:29:30: PM2 log: App [index:1] exited with code [0] via signal [SIGINT]
2023-05-20T10:29:30: PM2 log: pid=56835 msg=process killed
2023-05-20T10:29:37: PM2 log: App [index:0] starting in -fork mode-
2023-05-20T10:29:37: PM2 log: App [index:0] online
2023-05-20T10:29:37: PM2 log: App [index:1] starting in -fork mode-
2023-05-20T10:29:37: PM2 log: App [index:1] online
2023-05-20T10:34:38: PM2 log: Stopping app:index id:0
2023-05-20T10:34:38: PM2 log: App [index:0] exited with code [0] via signal [SIGINT]
2023-05-20T10:34:38: PM2 log: pid=59033 msg=process killed
2023-05-20T10:34:38: PM2 log: Stopping app:index id:1
2023-05-20T10:34:38: PM2 log: App [index:1] exited with code [0] via signal [SIGINT]
2023-05-20T10:34:38: PM2 log: pid=59034 msg=process killed
2023-05-20T11:22:58: PM2 log: App [index:2] starting in -fork mode-
2023-05-20T11:22:58: PM2 log: App [index:2] online
2023-05-20T11:42:43: PM2 log: App [index:2] exited with code [1] via signal [SIGINT]
2023-05-20T11:42:43: PM2 log: App [index:2] starting in -fork mode-
2023-05-20T11:42:43: PM2 log: App [index:2] online
2023-05-20T12:00:07: PM2 log: pm2 has been killed by signal, dumping process list before exit...
2023-05-20T12:00:07: PM2 log: Deleting process 0
2023-05-20T12:00:07: PM2 log: Deleting process 1
2023-05-20T12:00:07: PM2 log: Deleting process 2
2023-05-20T12:00:07: PM2 log: Stopping app:index id:2
2023-05-20T12:00:07: PM2 log: App [index:2] exited with code [0] via signal [SIGTERM]
2023-05-20T12:00:07: PM2 log: pid=155366 msg=process killed
2023-05-20T12:00:07: PM2 log: Exited peacefully
2023-05-20T12:00:32: PM2 log: ===============================================================================
2023-05-20T12:00:32: PM2 log: --- New PM2 Daemon started ----------------------------------------------------
2023-05-20T12:00:32: PM2 log: Time                 : Sat May 20 2023 12:00:32 GMT+0000 (Coordinated Universal Time)
2023-05-20T12:00:32: PM2 log: PM2 version          : 5.3.0
2023-05-20T12:00:32: PM2 log: Node.js version      : 18.16.0
2023-05-20T12:00:32: PM2 log: Current arch         : x64
2023-05-20T12:00:32: PM2 log: PM2 home             : /root/.pm2
2023-05-20T12:00:32: PM2 log: PM2 PID file         : /root/.pm2/pm2.pid
2023-05-20T12:00:32: PM2 log: RPC socket file      : /root/.pm2/rpc.sock
2023-05-20T12:00:32: PM2 log: BUS socket file      : /root/.pm2/pub.sock
2023-05-20T12:00:32: PM2 log: Application log path : /root/.pm2/logs
2023-05-20T12:00:32: PM2 log: Worker Interval      : 30000
2023-05-20T12:00:32: PM2 log: Process dump file    : /root/.pm2/dump.pm2
2023-05-20T12:00:32: PM2 log: Concurrent actions   : 2
2023-05-20T12:00:32: PM2 log: SIGTERM timeout      : 1600
2023-05-20T12:00:32: PM2 log: ===============================================================================
2023-05-20T12:00:34: PM2 log: App [index:2] starting in -fork mode-
2023-05-20T12:00:34: PM2 log: App [index:2] online
2023-05-20T12:03:58: PM2 log: Stopping app:index id:2
2023-05-20T12:03:58: PM2 log: App [index:2] exited with code [0] via signal [SIGINT]
2023-05-20T12:03:58: PM2 log: pid=806 msg=process killed
2023-05-20T12:04:02: PM2 log: App [index:0] starting in -fork mode-
2023-05-20T12:04:02: PM2 log: App [index:1] starting in -fork mode-
2023-05-20T12:04:02: PM2 log: App [index:0] online
2023-05-20T12:04:02: PM2 log: App [index:1] online
2023-05-20T12:04:02: PM2 log: App [index:2] starting in -fork mode-
2023-05-20T12:04:02: PM2 log: App [index:2] online
2023-05-20T12:22:02: PM2 log: Stopping app:index id:2
2023-05-20T12:22:02: PM2 log: App [index:2] exited with code [0] via signal [SIGINT]
2023-05-20T12:22:02: PM2 log: pid=2122 msg=process killed
2023-05-20T12:22:15: PM2 log: Stopping app:index id:0
2023-05-20T12:22:15: PM2 log: App [index:0] exited with code [0] via signal [SIGINT]
2023-05-20T12:22:15: PM2 log: pid=2110 msg=process killed
2023-05-20T12:22:27: PM2 log: Stopping app:index id:1
2023-05-20T12:22:27: PM2 log: App [index:1] exited with code [0] via signal [SIGINT]
2023-05-20T12:22:27: PM2 log: pid=2112 msg=process killed
2023-05-20T12:22:56: PM2 log: App [index:2] starting in -fork mode-
2023-05-20T12:22:56: PM2 log: App [index:2] online
2023-05-20T12:24:17: PM2 log: Stopping app:index id:2
2023-05-20T12:24:17: PM2 log: App [index:2] exited with code [0] via signal [SIGINT]
2023-05-20T12:24:17: PM2 log: pid=232910 msg=process killed
2023-05-20T12:24:27: PM2 log: App [index:0] starting in -fork mode-
2023-05-20T12:24:27: PM2 log: App [index:0] online
2023-05-20T12:25:25: PM2 log: Stopping app:index id:0
2023-05-20T12:25:25: PM2 log: App [index:0] exited with code [0] via signal [SIGINT]
2023-05-20T12:25:25: PM2 log: pid=241775 msg=process killed
2023-05-20T12:27:57: PM2 log: App [index:0] starting in -fork mode-
2023-05-20T12:27:58: PM2 log: App [index:0] online
2023-05-20T12:29:23: PM2 log: Stopping app:index id:0
2023-05-20T12:29:23: PM2 log: App [index:0] exited with code [0] via signal [SIGINT]
2023-05-20T12:29:23: PM2 log: pid=248907 msg=process killed
2023-05-20T12:32:01: PM2 log: App [index:0] starting in -fork mode-
2023-05-20T12:32:01: PM2 log: App [index:0] online
2023-05-20T12:58:06: PM2 log: Stopping app:index id:0
2023-05-20T12:58:06: PM2 log: App [index:0] exited with code [0] via signal [SIGINT]
2023-05-20T12:58:06: PM2 log: pid=259077 msg=process killed
2023-05-20T12:59:31: PM2 log: App [index:0] starting in -fork mode-
2023-05-20T12:59:31: PM2 log: App [index:0] online
2023-05-20T16:18:39: PM2 log: Stopping app:index id:0
2023-05-20T16:18:39: PM2 log: App [index:0] exited with code [0] via signal [SIGINT]
2023-05-20T16:18:39: PM2 log: pid=262081 msg=process killed
2023-05-20T16:21:34: PM2 log: App [index:0] starting in -fork mode-
2023-05-20T16:21:34: PM2 log: App [index:0] online
